<?xml version="1.0" encoding="UTF-8"?>
<!-- Generated by org.testng.reporters.JUnitReportReporter -->
<testsuite skipped="0" hostname="DESKTOP-5SL4C2D" name="com.ibm.Jenkins2.com.ibm.Jenkins2.launchApplication" tests="1" failures="0" timestamp="04 Jan 2019 05:46:17 GMT" time="0.686" errors="0">
  <testcase name="loginToApp" time="0.686" classname="com.ibm.Jenkins2.com.ibm.Jenkins2.launchApplication"/>
</testsuite> <!-- com.ibm.Jenkins2.com.ibm.Jenkins2.launchApplication -->
